<?xml version="1.0" encoding="UTF-8"?>
<testng-results skipped="0" failed="1" ignored="0" total="1" passed="0">
  <reporter-output>
  </reporter-output>
  <suite name="Default suite" duration-ms="191070" started-at="2019-10-01T16:10:43Z" finished-at="2019-10-01T16:13:54Z">
    <groups>
    </groups>
    <test name="Default test" duration-ms="191070" started-at="2019-10-01T16:10:43Z" finished-at="2019-10-01T16:13:54Z">
      <class name="Services.C23634_VerifyCreditCardInformationViaServices">
        <test-method status="PASS" signature="setUp()[pri:0, instance:Services.C23634_VerifyCreditCardInformationViaServices@438a68]" name="setUp" is-config="true" duration-ms="66773" started-at="2019-10-01T16:10:43Z" finished-at="2019-10-01T16:11:50Z">
          <reporter-output>
          </reporter-output>
        </test-method> <!-- setUp -->
        <test-method status="FAIL" signature="C23634_VerifyCreditCardInformationViaServices()[pri:0, instance:Services.C23634_VerifyCreditCardInformationViaServices@438a68]" name="C23634_VerifyCreditCardInformationViaServices" duration-ms="98787" started-at="2019-10-01T16:11:50Z" finished-at="2019-10-01T16:13:29Z">
          <exception class="org.openqa.selenium.TimeoutException">
            <message>
              <![CDATA[Expected condition failed: waiting for visibility of element located by By.xpath: //*[contains(@content-desc,'Cancel')] (tried for 30 second(s) with 500 milliseconds interval)]]>
            </message>
            <full-stacktrace>
              <![CDATA[org.openqa.selenium.TimeoutException: Expected condition failed: waiting for visibility of element located by By.xpath: //*[contains(@content-desc,'Cancel')] (tried for 30 second(s) with 500 milliseconds interval)
at org.openqa.selenium.support.ui.WebDriverWait.timeoutException(WebDriverWait.java:81)
at org.openqa.selenium.support.ui.FluentWait.until(FluentWait.java:271)
at com.FrameworkComponents.GenericKeywords.getElement(GenericKeywords.java:41)
at Services.C23634_VerifyCreditCardInformationViaServices.C23634_VerifyCreditCardInformationViaServices(C23634_VerifyCreditCardInformationViaServices.java:70)
at sun.reflect.NativeMethodAccessorImpl.invoke0(Native Method)
at sun.reflect.NativeMethodAccessorImpl.invoke(Unknown Source)
at sun.reflect.DelegatingMethodAccessorImpl.invoke(Unknown Source)
at java.lang.reflect.Method.invoke(Unknown Source)
at org.testng.internal.MethodInvocationHelper.invokeMethod(MethodInvocationHelper.java:124)
at org.testng.internal.Invoker.invokeMethod(Invoker.java:580)
at org.testng.internal.Invoker.invokeTestMethod(Invoker.java:716)
at org.testng.internal.Invoker.invokeTestMethods(Invoker.java:988)
at org.testng.internal.TestMethodWorker.invokeTestMethods(TestMethodWorker.java:125)
at org.testng.internal.TestMethodWorker.run(TestMethodWorker.java:109)
at org.testng.TestRunner.privateRun(TestRunner.java:648)
at org.testng.TestRunner.run(TestRunner.java:505)
at org.testng.SuiteRunner.runTest(SuiteRunner.java:455)
at org.testng.SuiteRunner.runSequentially(SuiteRunner.java:450)
at org.testng.SuiteRunner.privateRun(SuiteRunner.java:415)
at org.testng.SuiteRunner.run(SuiteRunner.java:364)
at org.testng.SuiteRunnerWorker.runSuite(SuiteRunnerWorker.java:52)
at org.testng.SuiteRunnerWorker.run(SuiteRunnerWorker.java:84)
at org.testng.TestNG.runSuitesSequentially(TestNG.java:1208)
at org.testng.TestNG.runSuitesLocally(TestNG.java:1137)
at org.testng.TestNG.runSuites(TestNG.java:1049)
at org.testng.TestNG.run(TestNG.java:1017)
at org.testng.remote.AbstractRemoteTestNG.run(AbstractRemoteTestNG.java:114)
at org.testng.remote.RemoteTestNG.initAndRun(RemoteTestNG.java:251)
at org.testng.remote.RemoteTestNG.main(RemoteTestNG.java:77)
Caused by: org.openqa.selenium.NoSuchElementException: Cannot locate an element using By.xpath: //*[contains(@content-desc,'Cancel')]
For documentation on this error, please visit: http://seleniumhq.org/exceptions/no_such_element.html
Build info: version: '3.11.0', revision: 'e59cfb3', time: '2018-03-11T20:26:55.152Z'
System info: host: 'SRAVYAKARTHIK', ip: '192.168.0.5', os.name: 'Windows 8', os.arch: 'x86', os.version: '6.2', java.version: '1.8.0_191'
Driver info: driver.version: unknown
at org.openqa.selenium.support.ui.ExpectedConditions.lambda$findElement$0(ExpectedConditions.java:896)
at java.util.Optional.orElseThrow(Unknown Source)
at org.openqa.selenium.support.ui.ExpectedConditions.findElement(ExpectedConditions.java:895)
at org.openqa.selenium.support.ui.ExpectedConditions.access$000(ExpectedConditions.java:44)
at org.openqa.selenium.support.ui.ExpectedConditions$7.apply(ExpectedConditions.java:206)
at org.openqa.selenium.support.ui.ExpectedConditions$7.apply(ExpectedConditions.java:202)
at org.openqa.selenium.support.ui.FluentWait.until(FluentWait.java:248)
... 27 more
]]>
            </full-stacktrace>
          </exception> <!-- org.openqa.selenium.TimeoutException -->
          <reporter-output>
          </reporter-output>
        </test-method> <!-- C23634_VerifyCreditCardInformationViaServices -->
        <test-method status="PASS" signature="afterMethod(org.testng.ITestResult)[pri:0, instance:Services.C23634_VerifyCreditCardInformationViaServices@438a68]" name="afterMethod" is-config="true" duration-ms="15227" started-at="2019-10-01T16:13:29Z" finished-at="2019-10-01T16:13:44Z">
          <params>
            <param index="0">
              <value>
                <![CDATA[[TestResult name=C23634_VerifyCreditCardInformationViaServices status=FAILURE method=C23634_VerifyCreditCardInformationViaServices.C23634_VerifyCreditCardInformationViaServices()[pri:0, instance:Services.C23634_VerifyCreditCardInformationViaServices@438a68] output={null}]]]>
              </value>
            </param>
          </params>
          <reporter-output>
          </reporter-output>
        </test-method> <!-- afterMethod -->
        <test-method status="PASS" signature="tearDown()[pri:0, instance:Services.C23634_VerifyCreditCardInformationViaServices@438a68]" name="tearDown" is-config="true" duration-ms="10138" started-at="2019-10-01T16:13:44Z" finished-at="2019-10-01T16:13:54Z">
          <reporter-output>
          </reporter-output>
        </test-method> <!-- tearDown -->
      </class> <!-- Services.C23634_VerifyCreditCardInformationViaServices -->
    </test> <!-- Default test -->
  </suite> <!-- Default suite -->
</testng-results>
