<?xml version="1.0" encoding="UTF-8"?>
<!-- Generated by org.testng.reporters.JUnitXMLReporter -->
<testsuite hostname="LAPTOP-1F0JMU93" ignored="0" name="Default test(failed)" tests="1" failures="0" timestamp="27 Aug 2019 18:32:17 GMT" time="37.919" errors="0">
  <testcase name="@BeforeTest setUp" time="37.882" classname="Make_A_Payment.C23527_VerifyCommercialLoanGreaterThanAmountPayment">
    <failure type="org.openqa.selenium.TimeoutException" message="Expected condition failed: waiting for visibility of element located by By.xpath: //div[@test-id=&amp;apos;btnTacTarget&amp;apos;] (tried for 30 second(s) with 500 milliseconds interval)">
      <![CDATA[org.openqa.selenium.TimeoutException: Expected condition failed: waiting for visibility of element located by By.xpath: //div[@test-id='btnTacTarget'] (tried for 30 second(s) with 500 milliseconds interval)
at org.openqa.selenium.support.ui.WebDriverWait.timeoutException(WebDriverWait.java:113)
at org.openqa.selenium.support.ui.FluentWait.until(FluentWait.java:283)
at com.FrameworkComponents.GenericKeywords.getElement(GenericKeywords.java:43)
at Make_A_Payment.C23527_VerifyCommercialLoanGreaterThanAmountPayment.setUp(C23527_VerifyCommercialLoanGreaterThanAmountPayment.java:52)
Caused by: org.openqa.selenium.NoSuchElementException: Cannot locate an element using By.xpath: //div[@test-id='btnTacTarget']
For documentation on this error, please visit: http://seleniumhq.org/exceptions/no_such_element.html
Build info: version: '3.14.0', revision: 'aacccce0', time: '2018-08-02T20:19:58.91Z'
System info: host: 'LAPTOP-1F0JMU93', ip: '192.168.1.158', os.name: 'Windows 10', os.arch: 'x86', os.version: '10.0', java.version: '1.8.0_181'
Driver info: driver.version: unknown
at org.openqa.selenium.support.ui.ExpectedConditions.lambda$findElement$0(ExpectedConditions.java:896)
at java.util.Optional.orElseThrow(Unknown Source)
at org.openqa.selenium.support.ui.ExpectedConditions.findElement(ExpectedConditions.java:895)
at org.openqa.selenium.support.ui.ExpectedConditions.access$000(ExpectedConditions.java:44)
at org.openqa.selenium.support.ui.ExpectedConditions$7.apply(ExpectedConditions.java:206)
at org.openqa.selenium.support.ui.ExpectedConditions$7.apply(ExpectedConditions.java:202)
at org.openqa.selenium.support.ui.FluentWait.until(FluentWait.java:260)
... 26 more
... Removed 24 stack frames]]>
    </failure>
  </testcase> <!-- @BeforeTest setUp -->
  <testcase name="@AfterMethod afterMethod" time="0.0" classname="Make_A_Payment.C23527_VerifyCommercialLoanGreaterThanAmountPayment">
    <skipped/>
  </testcase> <!-- @AfterMethod afterMethod -->
  <testcase name="@AfterTest tearDown" time="0.0" classname="Make_A_Payment.C23527_VerifyCommercialLoanGreaterThanAmountPayment">
    <skipped/>
  </testcase> <!-- @AfterTest tearDown -->
  <testcase name="C23527_VerifyCommercialLoanGreaterThanAmountPayment" time="0.0" classname="Make_A_Payment.C23527_VerifyCommercialLoanGreaterThanAmountPayment">
    <skipped/>
  </testcase> <!-- C23527_VerifyCommercialLoanGreaterThanAmountPayment -->
</testsuite> <!-- Default test(failed) -->
