<?xml version="1.0" encoding="UTF-8"?>
<!-- Generated by org.testng.reporters.JUnitXMLReporter -->
<testsuite hostname="LAPTOP-1F0JMU93" ignored="0" name="TDB1732_VerifyNoAccountsMessage" tests="1" failures="0" timestamp="08 Mar 2019 15:46:31 GMT" time="37.347" errors="0">
  <testcase name="@BeforeTest setUp" time="37.335" classname="com.TestCases.TDB1732_VerifyNoAccountsMessage">
    <failure type="org.openqa.selenium.TimeoutException" message="Expected condition failed: waiting for visibility of element located by By.xpath: //input[@id=&amp;apos;frmAccountsLanding_postLoginHdr_btnLogOut&amp;apos;] (tried for 10 second(s) with 500 milliseconds interval)">
      <![CDATA[org.openqa.selenium.TimeoutException: Expected condition failed: waiting for visibility of element located by By.xpath: //input[@id='frmAccountsLanding_postLoginHdr_btnLogOut'] (tried for 10 second(s) with 500 milliseconds interval)
at org.openqa.selenium.support.ui.WebDriverWait.timeoutException(WebDriverWait.java:113)
at org.openqa.selenium.support.ui.FluentWait.until(FluentWait.java:283)
at com.FrameworkComponents.GenericKeywords.getElement(GenericKeywords.java:28)
at com.TestCases.TDB1732_VerifyNoAccountsMessage.setUp(TDB1732_VerifyNoAccountsMessage.java:36)
Caused by: org.openqa.selenium.NoSuchElementException: Cannot locate an element using By.xpath: //input[@id='frmAccountsLanding_postLoginHdr_btnLogOut']
For documentation on this error, please visit: http://seleniumhq.org/exceptions/no_such_element.html
Build info: version: '3.14.0', revision: 'aacccce0', time: '2018-08-02T20:19:58.91Z'
System info: host: 'LAPTOP-1F0JMU93', ip: '192.168.1.158', os.name: 'Windows 10', os.arch: 'x86', os.version: '10.0', java.version: '1.8.0_181'
Driver info: driver.version: unknown
at org.openqa.selenium.support.ui.ExpectedConditions.lambda$findElement$0(ExpectedConditions.java:896)
at java.util.Optional.orElseThrow(Unknown Source)
at org.openqa.selenium.support.ui.ExpectedConditions.findElement(ExpectedConditions.java:895)
at org.openqa.selenium.support.ui.ExpectedConditions.access$000(ExpectedConditions.java:44)
at org.openqa.selenium.support.ui.ExpectedConditions$7.apply(ExpectedConditions.java:206)
at org.openqa.selenium.support.ui.ExpectedConditions$7.apply(ExpectedConditions.java:202)
at org.openqa.selenium.support.ui.FluentWait.until(FluentWait.java:260)
... 26 more
... Removed 24 stack frames]]>
    </failure>
  </testcase> <!-- @BeforeTest setUp -->
  <testcase name="@AfterMethod afterMethod" time="0.0" classname="com.TestCases.TDB1732_VerifyNoAccountsMessage">
    <skipped/>
  </testcase> <!-- @AfterMethod afterMethod -->
  <testcase name="@AfterTest tearDown" time="0.0" classname="com.TestCases.TDB1732_VerifyNoAccountsMessage">
    <skipped/>
  </testcase> <!-- @AfterTest tearDown -->
  <testcase name="VerifyNoAccountsMessage" time="0.0" classname="com.TestCases.TDB1732_VerifyNoAccountsMessage">
    <skipped/>
  </testcase> <!-- VerifyNoAccountsMessage -->
</testsuite> <!-- TDB1732_VerifyNoAccountsMessage -->
