<?xml version="1.0" encoding="UTF-8"?>
<!-- Generated by org.testng.reporters.JUnitXMLReporter -->
<testsuite hostname="LAPTOP-1F0JMU93" ignored="0" name="TDB2634_AddTdecuMemberAccountBeneficiary Test Cases" tests="1" failures="1" timestamp="01 Mar 2019 17:29:19 GMT" time="70.895" errors="0">
  <testcase name="TDB2634_AddTdecuMemberAccountBeneficiary" time="49.614" classname="com.TestCases.TDB2634_AddTdecuMemberAccountBeneficiary">
    <failure type="org.openqa.selenium.TimeoutException" message="Expected condition failed: waiting for visibility of element located by By.xpath: //div[@id=&amp;apos;frmAcknowledgement_acknowledgment_lblTransactionMessage&amp;apos;] (tried for 10 second(s) with 500 milliseconds interval)">
      <![CDATA[org.openqa.selenium.TimeoutException: Expected condition failed: waiting for visibility of element located by By.xpath: //div[@id='frmAcknowledgement_acknowledgment_lblTransactionMessage'] (tried for 10 second(s) with 500 milliseconds interval)
at org.openqa.selenium.support.ui.WebDriverWait.timeoutException(WebDriverWait.java:113)
at org.openqa.selenium.support.ui.FluentWait.until(FluentWait.java:283)
at com.FrameworkComponents.GenericKeywords.getElement(GenericKeywords.java:28)
at com.FrameworkComponents.GenericKeywords.verifyElementPresent(GenericKeywords.java:33)
at com.TestCases.TDB2634_AddTdecuMemberAccountBeneficiary.TDB2634_AddTdecuMemberAccountBeneficiary(TDB2634_AddTdecuMemberAccountBeneficiary.java:93)
Caused by: org.openqa.selenium.NoSuchElementException: Cannot locate an element using By.xpath: //div[@id='frmAcknowledgement_acknowledgment_lblTransactionMessage']
For documentation on this error, please visit: http://seleniumhq.org/exceptions/no_such_element.html
Build info: version: '3.14.0', revision: 'aacccce0', time: '2018-08-02T20:19:58.91Z'
System info: host: 'LAPTOP-1F0JMU93', ip: '192.168.1.158', os.name: 'Windows 10', os.arch: 'x86', os.version: '10.0', java.version: '1.8.0_181'
Driver info: driver.version: unknown
at org.openqa.selenium.support.ui.ExpectedConditions.lambda$findElement$0(ExpectedConditions.java:896)
at java.util.Optional.orElseThrow(Unknown Source)
at org.openqa.selenium.support.ui.ExpectedConditions.findElement(ExpectedConditions.java:895)
at org.openqa.selenium.support.ui.ExpectedConditions.access$000(ExpectedConditions.java:44)
at org.openqa.selenium.support.ui.ExpectedConditions$7.apply(ExpectedConditions.java:206)
at org.openqa.selenium.support.ui.ExpectedConditions$7.apply(ExpectedConditions.java:202)
at org.openqa.selenium.support.ui.FluentWait.until(FluentWait.java:260)
... 28 more
... Removed 25 stack frames]]>
    </failure>
  </testcase> <!-- TDB2634_AddTdecuMemberAccountBeneficiary -->
</testsuite> <!-- TDB2634_AddTdecuMemberAccountBeneficiary Test Cases -->
