<?xml version="1.0" encoding="UTF-8"?>
<!-- Generated by org.testng.reporters.JUnitXMLReporter -->
<testsuite hostname="sravyakarthik" ignored="0" name="TDB2255_VerifyDailyMyTdecuAccountTransfer" tests="1" failures="1" timestamp="16 Apr 2019 16:58:16 GMT" time="344.549" errors="0">
  <testcase name="TDB2255_VerifyDailyMyTdecuAccountTransfer" time="254.998" classname="com.TestCases.TDB2255_VerifyDailyMyTdecuAccountTransfer">
    <failure type="org.openqa.selenium.TimeoutException" message="Expected condition failed: waiting for visibility of element located by By.xpath: //android.widget.TextView[contains(@text,&amp;apos;Daily transfer&amp;apos;) and @index=&amp;apos;0&amp;apos;] (tried for 30 second(s) with 500 milliseconds interval)">
      <![CDATA[org.openqa.selenium.TimeoutException: Expected condition failed: waiting for visibility of element located by By.xpath: //android.widget.TextView[contains(@text,'Daily transfer') and @index='0'] (tried for 30 second(s) with 500 milliseconds interval)
at org.openqa.selenium.support.ui.WebDriverWait.timeoutException(WebDriverWait.java:81)
at org.openqa.selenium.support.ui.FluentWait.until(FluentWait.java:271)
at com.FrameworkComponents.GenericKeywords.getElement(GenericKeywords.java:30)
at com.TestCases.TDB2255_VerifyDailyMyTdecuAccountTransfer.TDB2255_VerifyDailyMyTdecuAccountTransfer(TDB2255_VerifyDailyMyTdecuAccountTransfer.java:125)
Caused by: org.openqa.selenium.NoSuchElementException: Cannot locate an element using By.xpath: //android.widget.TextView[contains(@text,'Daily transfer') and @index='0']
For documentation on this error, please visit: http://seleniumhq.org/exceptions/no_such_element.html
Build info: version: '3.11.0', revision: 'e59cfb3', time: '2018-03-11T20:26:55.152Z'
System info: host: 'SRAVYAKARTHIK', ip: '192.168.0.5', os.name: 'Windows 8', os.arch: 'x86', os.version: '6.2', java.version: '1.8.0_191'
Driver info: driver.version: unknown
at org.openqa.selenium.support.ui.ExpectedConditions.lambda$findElement$0(ExpectedConditions.java:896)
at java.util.Optional.orElseThrow(Unknown Source)
at org.openqa.selenium.support.ui.ExpectedConditions.findElement(ExpectedConditions.java:895)
at org.openqa.selenium.support.ui.ExpectedConditions.access$000(ExpectedConditions.java:44)
at org.openqa.selenium.support.ui.ExpectedConditions$7.apply(ExpectedConditions.java:206)
at org.openqa.selenium.support.ui.ExpectedConditions$7.apply(ExpectedConditions.java:202)
at org.openqa.selenium.support.ui.FluentWait.until(FluentWait.java:248)
... 27 more
... Removed 25 stack frames]]>
    </failure>
  </testcase> <!-- TDB2255_VerifyDailyMyTdecuAccountTransfer -->
</testsuite> <!-- TDB2255_VerifyDailyMyTdecuAccountTransfer -->
