<?xml version="1.0" encoding="UTF-8"?>
<!-- Generated by org.testng.reporters.JUnitXMLReporter -->
<testsuite hostname="sravyakarthik" ignored="0" name="C23624_VerifyColumnsSortingOnActivityCenter Test Cases" tests="1" failures="1" timestamp="20 Jun 2019 17:46:48 GMT" time="315.761" errors="0">
  <testcase name="C23624_VerifyColumnsSortingOnActivityCenter" time="34.804" classname="com.testcases.C23624_VerifyColumnsSortingOnActivityCenter">
    <failure type="org.openqa.selenium.TimeoutException" message="Expected condition failed: waiting for visibility of element located by By.xpath: //table[@test-id=&amp;apos;txtAccountsTable&amp;apos;]//th[@test-id=&amp;apos;lblDate&amp;apos;]//span[contains(@class,&amp;apos;sort-icon&amp;apos;)] (tried for 30 second(s) with 500 milliseconds interval)">
      <![CDATA[org.openqa.selenium.TimeoutException: Expected condition failed: waiting for visibility of element located by By.xpath: //table[@test-id='txtAccountsTable']//th[@test-id='lblDate']//span[contains(@class,'sort-icon')] (tried for 30 second(s) with 500 milliseconds interval)
at org.openqa.selenium.support.ui.WebDriverWait.timeoutException(WebDriverWait.java:113)
at org.openqa.selenium.support.ui.FluentWait.until(FluentWait.java:283)
at com.FrameworkComponents.GenericKeywords.getElement(GenericKeywords.java:42)
at com.testcases.C23624_VerifyColumnsSortingOnActivityCenter.C23624_VerifyColumnsSortingOnActivityCenter(C23624_VerifyColumnsSortingOnActivityCenter.java:100)
Caused by: org.openqa.selenium.NoSuchElementException: Cannot locate an element using By.xpath: //table[@test-id='txtAccountsTable']//th[@test-id='lblDate']//span[contains(@class,'sort-icon')]
For documentation on this error, please visit: http://seleniumhq.org/exceptions/no_such_element.html
Build info: version: '3.14.0', revision: 'aacccce0', time: '2018-08-02T20:19:58.91Z'
System info: host: 'SRAVYAKARTHIK', ip: '192.168.0.10', os.name: 'Windows 8', os.arch: 'x86', os.version: '6.2', java.version: '1.8.0_191'
Driver info: driver.version: unknown
at org.openqa.selenium.support.ui.ExpectedConditions.lambda$findElement$0(ExpectedConditions.java:896)
at java.util.Optional.orElseThrow(Unknown Source)
at org.openqa.selenium.support.ui.ExpectedConditions.findElement(ExpectedConditions.java:895)
at org.openqa.selenium.support.ui.ExpectedConditions.access$000(ExpectedConditions.java:44)
at org.openqa.selenium.support.ui.ExpectedConditions$7.apply(ExpectedConditions.java:206)
at org.openqa.selenium.support.ui.ExpectedConditions$7.apply(ExpectedConditions.java:202)
at org.openqa.selenium.support.ui.FluentWait.until(FluentWait.java:260)
... 27 more
... Removed 25 stack frames]]>
    </failure>
  </testcase> <!-- C23624_VerifyColumnsSortingOnActivityCenter -->
</testsuite> <!-- C23624_VerifyColumnsSortingOnActivityCenter Test Cases -->
